Flutter crash report.
Please report a bug at https://github.com/flutter/flutter/issues.

## command

flutter run --machine --start-paused -d emulator-5554 --devtools-server-address http://127.0.0.1:9100/ --target D:\flutter_projects\chat_app\lib\main.dart

## exception

HttpException: HttpException: Connection closed before full header was received, uri = http://127.0.0.1:61985/hqtPvUIQNYo=/ws

```
```

## flutter doctor

```
[✓] Flutter (Channel stable, 3.13.9, on Microsoft Windows [Version 10.0.19045.4291], locale en-US)
    • Flutter version 3.13.9 on channel stable at D:\src\flutter
    • Upstream repository https://github.com/flutter/flutter.git
    • Framework revision d211f42860 (6 months ago), 2023-10-25 13:42:25 -0700
    • Engine revision 0545f8705d
    • Dart version 3.1.5
    • DevTools version 2.25.0

[✓] Windows Version (Installed version of Windows is version 10 or higher)

[✓] Android toolchain - develop for Android devices (Android SDK version 34.0.0)
    • Android SDK at D:\Androidsdk\sdk
    • Platform android-34, build-tools 34.0.0
    • Java binary at: D:\Android\jbr\bin\java
    • Java version OpenJDK Runtime Environment (build 17.0.6+0-b2043.56-10027231)
    • All Android licenses accepted.

[✓] Chrome - develop for the web
    • Chrome at C:\Program Files (x86)\Google\Chrome\Application\chrome.exe

[✗] Visual Studio - develop Windows apps
    ✗ Visual Studio not installed; this is necessary to develop Windows apps.
      Download at https://visualstudio.microsoft.com/downloads/.
      Please install the "Desktop development with C++" workload, including all of its default components

[✓] Android Studio (version 2022.3)
    • Android Studio at D:\Android
    • Flutter plugin can be installed from:
      🔨 https://plugins.jetbrains.com/plugin/9212-flutter
    • Dart plugin can be installed from:
      🔨 https://plugins.jetbrains.com/plugin/6351-dart
    • Java version OpenJDK Runtime Environment (build 17.0.6+0-b2043.56-10027231)

[✓] VS Code (version 1.88.1)
    • VS Code at C:\Users\Ganesha\AppData\Local\Programs\Microsoft VS Code
    • Flutter extension version 3.86.0

[✓] Connected device (4 available)
    • sdk gphone64 x86 64 (mobile) • emulator-5554 • android-x64    • Android 14 (API 34) (emulator)
    • Windows (desktop)            • windows       • windows-x64    • Microsoft Windows [Version 10.0.19045.4291]
    • Chrome (web)                 • chrome        • web-javascript • Google Chrome 124.0.6367.91
    • Edge (web)                   • edge          • web-javascript • Microsoft Edge 124.0.2478.67

[✓] Network resources
    • All expected network resources are available.

! Doctor found issues in 1 category.
```
